# JRE version: OpenJDK Runtime Environment Temurin-21.0.10+7 (21.0.10+7) (build 21.0.10+7-LTS)
# Java VM: OpenJDK 64-Bit Server VM Temurin-21.0.10+7 (21.0.10+7-LTS, mixed mode, sharing, tiered, compressed oops, compressed class ptrs, parallel gc, windows-amd64)
GC Precious Log:
 CardTable entry size: 512
 CPUs: 4 total, 4 available
 Memory: 3989M
 Large Page Support: Disabled
 NUMA Support: Disabled
 Compressed Oops: Enabled (32-bit)
 Alignments: Space 512K, Generation 512K, Heap 2M
 Heap Min Capacity: 100M
 Heap Initial Capacity: 100M
 Heap Max Capacity: 2G
 Pre-touch: Disabled
 Parallel Workers: 4
Heap:
 PSYoungGen      total 11776K, used 5359K [0x00000000d5580000, 0x00000000d6680000, 0x0000000100000000)
  eden space 11264K, 43% used [0x00000000d5580000,0x00000000d5a3bf58,0x00000000d6080000)
  from space 512K, 100% used [0x00000000d6600000,0x00000000d6680000,0x00000000d6680000)
  to   space 3072K, 0% used [0x00000000d6080000,0x00000000d6080000,0x00000000d6380000)
 ParOldGen       total 1335808K, used 385866K [0x0000000080000000, 0x00000000d1880000, 0x00000000d5580000)
  object space 1335808K, 28% used [0x0000000080000000,0x00000000978d2b10,0x00000000d1880000)
 Metaspace       used 104093K, committed 106944K, reserved 1179648K
  class space    used 10746K, committed 12032K, reserved 1048576K
GC Heap History (20 events):
Event: 3934.763 GC heap before
{Heap before GC invocations=4868 (full 7):
 PSYoungGen      total 17920K, used 17791K [0x00000000d5580000, 0x00000000d7380000, 0x0000000100000000)
  eden space 16896K, 100% used [0x00000000d5580000,0x00000000d6600000,0x00000000d6600000)
  from space 1024K, 87% used [0x00000000d7280000,0x00000000d735fc28,0x00000000d7380000)
  to   space 1536K, 0% used [0x00000000d7080000,0x00000000d7080000,0x00000000d7200000)
 ParOldGen       total 1335808K, used 334547K [0x0000000080000000, 0x00000000d1880000, 0x00000000d5580000)
  object space 1335808K, 25% used [0x0000000080000000,0x00000000946b4d88,0x00000000d1880000)
 Metaspace       used 104040K, committed 106944K, reserved 1179648K
  class space    used 10746K, committed 12032K, reserved 1048576K
}
Event: 3934.778 GC heap after
{Heap after GC invocations=4868 (full 7):
 PSYoungGen      total 18432K, used 1385K [0x00000000d5580000, 0x00000000d7300000, 0x0000000100000000)
  eden space 16896K, 0% used [0x00000000d5580000,0x00000000d5580000,0x00000000d6600000)
  from space 1536K, 90% used [0x00000000d7080000,0x00000000d71da440,0x00000000d7200000)
  to   space 1024K, 0% used [0x00000000d7200000,0x00000000d7200000,0x00000000d7300000)
 ParOldGen       total 1335808K, used 334651K [0x0000000080000000, 0x00000000d1880000, 0x00000000d5580000)
  object space 1335808K, 25% used [0x0000000080000000,0x00000000946ced88,0x00000000d1880000)
 Metaspace       used 104040K, committed 106944K, reserved 1179648K
  class space    used 10746K, committed 12032K, reserved 1048576K
}
Event: 3936.016 GC heap before
{Heap before GC invocations=4869 (full 7):
 PSYoungGen      total 18432K, used 18281K [0x00000000d5580000, 0x00000000d7300000, 0x0000000100000000)
  eden space 16896K, 100% used [0x00000000d5580000,0x00000000d6600000,0x00000000d6600000)
  from space 1536K, 90% used [0x00000000d7080000,0x00000000d71da440,0x00000000d7200000)
  to   space 1024K, 0% used [0x00000000d7200000,0x00000000d7200000,0x00000000d7300000)
 ParOldGen       total 1335808K, used 334651K [0x0000000080000000, 0x00000000d1880000, 0x00000000d5580000)
  object space 1335808K, 25% used [0x0000000080000000,0x00000000946ced88,0x00000000d1880000)
 Metaspace       used 104040K, committed 106944K, reserved 1179648K
  class space    used 10746K, committed 12032K, reserved 1048576K
}
Event: 3936.219 GC heap after
{Heap after GC invocations=4869 (full 7):
 PSYoungGen      total 13312K, used 995K [0x00000000d5580000, 0x00000000d8700000, 0x0000000100000000)
  eden space 12288K, 0% used [0x00000000d5580000,0x00000000d5580000,0x00000000d6180000)
  from space 1024K, 97% used [0x00000000d7200000,0x00000000d72f8dd8,0x00000000d7300000)
  to   space 16896K, 0% used [0x00000000d6180000,0x00000000d6180000,0x00000000d7200000)
 ParOldGen       total 1335808K, used 347872K [0x0000000080000000, 0x00000000d1880000, 0x00000000d5580000)
  object space 1335808K, 26% used [0x0000000080000000,0x00000000953b8080,0x00000000d1880000)
 Metaspace       used 104040K, committed 106944K, reserved 1179648K
  class space    used 10746K, committed 12032K, reserved 1048576K
}
Event: 3936.377 GC heap before
{Heap before GC invocations=4870 (full 7):
 PSYoungGen      total 13312K, used 13283K [0x00000000d5580000, 0x00000000d8700000, 0x0000000100000000)
  eden space 12288K, 100% used [0x00000000d5580000,0x00000000d6180000,0x00000000d6180000)
  from space 1024K, 97% used [0x00000000d7200000,0x00000000d72f8dd8,0x00000000d7300000)
  to   space 16896K, 0% used [0x00000000d6180000,0x00000000d6180000,0x00000000d7200000)
 ParOldGen       total 1335808K, used 347872K [0x0000000080000000, 0x00000000d1880000, 0x00000000d5580000)
  object space 1335808K, 26% used [0x0000000080000000,0x00000000953b8080,0x00000000d1880000)
 Metaspace       used 104041K, committed 106944K, reserved 1179648K
  class space    used 10746K, committed 12032K, reserved 1048576K
}
Event: 3936.394 GC heap after
{Heap after GC invocations=4870 (full 7):
 PSYoungGen      total 17920K, used 5377K [0x00000000d5580000, 0x00000000d7280000, 0x0000000100000000)
  eden space 12288K, 0% used [0x00000000d5580000,0x00000000d5580000,0x00000000d6180000)
  from space 5632K, 95% used [0x00000000d6180000,0x00000000d66c04c8,0x00000000d6700000)
  to   space 8704K, 0% used [0x00000000d6a00000,0x00000000d6a00000,0x00000000d7280000)
 ParOldGen       total 1335808K, used 348304K [0x0000000080000000, 0x00000000d1880000, 0x00000000d5580000)
  object space 1335808K, 26% used [0x0000000080000000,0x0000000095424090,0x00000000d1880000)
 Metaspace       used 104041K, committed 106944K, reserved 1179648K
  class space    used 10746K, committed 12032K, reserved 1048576K
}
Event: 3936.682 GC heap before
{Heap before GC invocations=4871 (full 7):
 PSYoungGen      total 17920K, used 17665K [0x00000000d5580000, 0x00000000d7280000, 0x0000000100000000)
  eden space 12288K, 100% used [0x00000000d5580000,0x00000000d6180000,0x00000000d6180000)
  from space 5632K, 95% used [0x00000000d6180000,0x00000000d66c04c8,0x00000000d6700000)
  to   space 8704K, 0% used [0x00000000d6a00000,0x00000000d6a00000,0x00000000d7280000)
 ParOldGen       total 1335808K, used 348304K [0x0000000080000000, 0x00000000d1880000, 0x00000000d5580000)
  object space 1335808K, 26% used [0x0000000080000000,0x0000000095424090,0x00000000d1880000)
 Metaspace       used 104041K, committed 106944K, reserved 1179648K
  class space    used 10746K, committed 12032K, reserved 1048576K
}
Event: 3936.700 GC heap after
{Heap after GC invocations=4871 (full 7):
 PSYoungGen      total 19968K, used 8698K [0x00000000d5580000, 0x00000000d7480000, 0x0000000100000000)
  eden space 11264K, 0% used [0x00000000d5580000,0x00000000d5580000,0x00000000d6080000)
  from space 8704K, 99% used [0x00000000d6a00000,0x00000000d727e870,0x00000000d7280000)
  to   space 9728K, 0% used [0x00000000d6080000,0x00000000d6080000,0x00000000d6a00000)
 ParOldGen       total 1335808K, used 348408K [0x0000000080000000, 0x00000000d1880000, 0x00000000d5580000)
  object space 1335808K, 26% used [0x0000000080000000,0x000000009543e0a0,0x00000000d1880000)
 Metaspace       used 104041K, committed 106944K, reserved 1179648K
  class space    used 10746K, committed 12032K, reserved 1048576K
}
Event: 3936.930 GC heap before
{Heap before GC invocations=4872 (full 7):
 PSYoungGen      total 19968K, used 19962K [0x00000000d5580000, 0x00000000d7480000, 0x0000000100000000)
  eden space 11264K, 99% used [0x00000000d5580000,0x00000000d607ffd0,0x00000000d6080000)
  from space 8704K, 99% used [0x00000000d6a00000,0x00000000d727e870,0x00000000d7280000)
  to   space 9728K, 0% used [0x00000000d6080000,0x00000000d6080000,0x00000000d6a00000)
 ParOldGen       total 1335808K, used 371448K [0x0000000080000000, 0x00000000d1880000, 0x00000000d5580000)
  object space 1335808K, 27% used [0x0000000080000000,0x0000000096abe0c0,0x00000000d1880000)
 Metaspace       used 104042K, committed 106944K, reserved 1179648K
  class space    used 10746K, committed 12032K, reserved 1048576K
}
Event: 3936.950 GC heap after
{Heap after GC invocations=4872 (full 7):
 PSYoungGen      total 13312K, used 1728K [0x00000000d5580000, 0x00000000d6a80000, 0x0000000100000000)
  eden space 11264K, 0% used [0x00000000d5580000,0x00000000d5580000,0x00000000d6080000)
  from space 2048K, 84% used [0x00000000d6080000,0x00000000d6230000,0x00000000d6280000)
  to   space 4608K, 0% used [0x00000000d6600000,0x00000000d6600000,0x00000000d6a80000)
 ParOldGen       total 1335808K, used 380026K [0x0000000080000000, 0x00000000d1880000, 0x00000000d5580000)
  object space 1335808K, 28% used [0x0000000080000000,0x000000009731e930,0x00000000d1880000)
 Metaspace       used 104042K, committed 106944K, reserved 1179648K
  class space    used 10746K, committed 12032K, reserved 1048576K
}
Event: 3937.550 GC heap before
{Heap before GC invocations=4873 (full 7):
 PSYoungGen      total 13312K, used 12992K [0x00000000d5580000, 0x00000000d6a80000, 0x0000000100000000)
  eden space 11264K, 100% used [0x00000000d5580000,0x00000000d6080000,0x00000000d6080000)
  from space 2048K, 84% used [0x00000000d6080000,0x00000000d6230000,0x00000000d6280000)
  to   space 4608K, 0% used [0x00000000d6600000,0x00000000d6600000,0x00000000d6a80000)
 ParOldGen       total 1335808K, used 380026K [0x0000000080000000, 0x00000000d1880000, 0x00000000d5580000)
  object space 1335808K, 28% used [0x0000000080000000,0x000000009731e930,0x00000000d1880000)
 Metaspace       used 104042K, committed 106944K, reserved 1179648K
  class space    used 10746K, committed 12032K, reserved 1048576K
}
Event: 3937.555 GC heap after
{Heap after GC invocations=4873 (full 7):
 PSYoungGen      total 11776K, used 346K [0x00000000d5580000, 0x00000000d6680000, 0x0000000100000000)
  eden space 11264K, 0% used [0x00000000d5580000,0x00000000d5580000,0x00000000d6080000)
  from space 512K, 67% used [0x00000000d6600000,0x00000000d66568f0,0x00000000d6680000)
  to   space 1536K, 0% used [0x00000000d6380000,0x00000000d6380000,0x00000000d6500000)
 ParOldGen       total 1335808K, used 381602K [0x0000000080000000, 0x00000000d1880000, 0x00000000d5580000)
  object space 1335808K, 28% used [0x0000000080000000,0x00000000974a8930,0x00000000d1880000)
 Metaspace       used 104042K, committed 106944K, reserved 1179648K
  class space    used 10746K, committed 12032K, reserved 1048576K
}
Event: 56464.466 GC heap before
{Heap before GC invocations=4874 (full 7):
 PSYoungGen      total 11776K, used 11610K [0x00000000d5580000, 0x00000000d6680000, 0x0000000100000000)
  eden space 11264K, 99% used [0x00000000d5580000,0x00000000d607fff0,0x00000000d6080000)
  from space 512K, 67% used [0x00000000d6600000,0x00000000d66568f0,0x00000000d6680000)
  to   space 1536K, 0% used [0x00000000d6380000,0x00000000d6380000,0x00000000d6500000)
 ParOldGen       total 1335808K, used 381602K [0x0000000080000000, 0x00000000d1880000, 0x00000000d5580000)
  object space 1335808K, 28% used [0x0000000080000000,0x00000000974a8930,0x00000000d1880000)
 Metaspace       used 104056K, committed 106944K, reserved 1179648K
  class space    used 10746K, committed 12032K, reserved 1048576K
}
Event: 56465.707 GC heap after
{Heap after GC invocations=4874 (full 7):
 PSYoungGen      total 12800K, used 192K [0x00000000d5580000, 0x00000000d6680000, 0x0000000100000000)
  eden space 11264K, 0% used [0x00000000d5580000,0x00000000d5580000,0x00000000d6080000)
  from space 1536K, 12% used [0x00000000d6380000,0x00000000d63b0020,0x00000000d6500000)
  to   space 512K, 0% used [0x00000000d6600000,0x00000000d6600000,0x00000000d6680000)
 ParOldGen       total 1335808K, used 381714K [0x0000000080000000, 0x00000000d1880000, 0x00000000d5580000)
  object space 1335808K, 28% used [0x0000000080000000,0x00000000974c4940,0x00000000d1880000)
 Metaspace       used 104056K, committed 106944K, reserved 1179648K
  class space    used 10746K, committed 12032K, reserved 1048576K
}
Event: 63158.328 GC heap before
{Heap before GC invocations=4875 (full 7):
 PSYoungGen      total 12800K, used 11456K [0x00000000d5580000, 0x00000000d6680000, 0x0000000100000000)
  eden space 11264K, 100% used [0x00000000d5580000,0x00000000d6080000,0x00000000d6080000)
  from space 1536K, 12% used [0x00000000d6380000,0x00000000d63b0020,0x00000000d6500000)
  to   space 512K, 0% used [0x00000000d6600000,0x00000000d6600000,0x00000000d6680000)
 ParOldGen       total 1335808K, used 381714K [0x0000000080000000, 0x00000000d1880000, 0x00000000d5580000)
  object space 1335808K, 28% used [0x0000000080000000,0x00000000974c4940,0x00000000d1880000)
 Metaspace       used 104058K, committed 106944K, reserved 1179648K
  class space    used 10746K, committed 12032K, reserved 1048576K
}
Event: 63159.252 GC heap after
{Heap after GC invocations=4875 (full 7):
 PSYoungGen      total 11776K, used 128K [0x00000000d5580000, 0x00000000d6680000, 0x0000000100000000)
  eden space 11264K, 0% used [0x00000000d5580000,0x00000000d5580000,0x00000000d6080000)
  from space 512K, 25% used [0x00000000d6600000,0x00000000d6620000,0x00000000d6680000)
  to   space 512K, 0% used [0x00000000d6580000,0x00000000d6580000,0x00000000d6600000)
 ParOldGen       total 1335808K, used 381874K [0x0000000080000000, 0x00000000d1880000, 0x00000000d5580000)
  object space 1335808K, 28% used [0x0000000080000000,0x00000000974ec9a0,0x00000000d1880000)
 Metaspace       used 104058K, committed 106944K, reserved 1179648K
  class space    used 10746K, committed 12032K, reserved 1048576K
}
Event: 68141.849 GC heap before
{Heap before GC invocations=4876 (full 7):
 PSYoungGen      total 11776K, used 11392K [0x00000000d5580000, 0x00000000d6680000, 0x0000000100000000)
  eden space 11264K, 100% used [0x00000000d5580000,0x00000000d6080000,0x00000000d6080000)
  from space 512K, 25% used [0x00000000d6600000,0x00000000d6620000,0x00000000d6680000)
  to   space 512K, 0% used [0x00000000d6580000,0x00000000d6580000,0x00000000d6600000)
 ParOldGen       total 1335808K, used 381874K [0x0000000080000000, 0x00000000d1880000, 0x00000000d5580000)
  object space 1335808K, 28% used [0x0000000080000000,0x00000000974ec9a0,0x00000000d1880000)
 Metaspace       used 104079K, committed 106944K, reserved 1179648K
  class space    used 10746K, committed 12032K, reserved 1048576K
}
Event: 68142.719 GC heap after
{Heap after GC invocations=4876 (full 7):
 PSYoungGen      total 11776K, used 511K [0x00000000d5580000, 0x00000000d6680000, 0x0000000100000000)
  eden space 11264K, 0% used [0x00000000d5580000,0x00000000d5580000,0x00000000d6080000)
  from space 512K, 99% used [0x00000000d6580000,0x00000000d65ffe98,0x00000000d6600000)
  to   space 512K, 0% used [0x00000000d6600000,0x00000000d6600000,0x00000000d6680000)
 ParOldGen       total 1335808K, used 383603K [0x0000000080000000, 0x00000000d1880000, 0x00000000d5580000)
  object space 1335808K, 28% used [0x0000000080000000,0x000000009769cc78,0x00000000d1880000)
 Metaspace       used 104079K, committed 106944K, reserved 1179648K
  class space    used 10746K, committed 12032K, reserved 1048576K
}
Event: 68182.957 GC heap before
{Heap before GC invocations=4877 (full 7):
 PSYoungGen      total 11776K, used 11775K [0x00000000d5580000, 0x00000000d6680000, 0x0000000100000000)
  eden space 11264K, 100% used [0x00000000d5580000,0x00000000d6080000,0x00000000d6080000)
  from space 512K, 99% used [0x00000000d6580000,0x00000000d65ffe98,0x00000000d6600000)
  to   space 512K, 0% used [0x00000000d6600000,0x00000000d6600000,0x00000000d6680000)
 ParOldGen       total 1335808K, used 383603K [0x0000000080000000, 0x00000000d1880000, 0x00000000d5580000)
  object space 1335808K, 28% used [0x0000000080000000,0x000000009769cc78,0x00000000d1880000)
 Metaspace       used 104093K, committed 106944K, reserved 1179648K
  class space    used 10746K, committed 12032K, reserved 1048576K
}
Event: 68182.991 GC heap after
{Heap after GC invocations=4877 (full 7):
 PSYoungGen      total 11776K, used 512K [0x00000000d5580000, 0x00000000d6680000, 0x0000000100000000)
  eden space 11264K, 0% used [0x00000000d5580000,0x00000000d5580000,0x00000000d6080000)
  from space 512K, 100% used [0x00000000d6600000,0x00000000d6680000,0x00000000d6680000)
  to   space 3072K, 0% used [0x00000000d6080000,0x00000000d6080000,0x00000000d6380000)
 ParOldGen       total 1335808K, used 385866K [0x0000000080000000, 0x00000000d1880000, 0x00000000d5580000)
  object space 1335808K, 28% used [0x0000000080000000,0x00000000978d2b10,0x00000000d1880000)
 Metaspace       used 104093K, committed 106944K, reserved 1179648K
  class space    used 10746K, committed 12032K, reserved 1048576K
}

